INFO:root:((5, 5), (5, 5), 3300, 15000)61.666666666666664
INFO:root:((5, 5), (5, 5), 3300, 16816)70.0
INFO:root:((5, 5), (5, 5), 2300, 22000)61.111111111111114
INFO:root:((5, 5), (5, 5), 2500, 21000)69.44444444444444
INFO:root:((5, 5), (5, 5), 2500, 22000)77.77777777777777
INFO:root:((5, 5), (5, 5), 2700, 21000)80.55555555555556
INFO:root:((5, 5), (6, 6), 3600, 18000)86.66666666666667
INFO:root:((5, 5), (8, 8), 3800, 16000)88.8888888888889
INFO:root:((5, 5), (5, 5), 2300, 22000)61.111111111111114
INFO:root:((5, 5), (5, 5), 2500, 21000)69.44444444444444
INFO:root:((5, 5), (5, 5), 2500, 22000)77.77777777777777
INFO:root:((5, 5), (5, 5), 2700, 21000)80.55555555555556
INFO:root:((5, 5), (6, 6), 3600, 18000)86.66666666666667
INFO:root:((5, 5), (8, 8), 3800, 16000)88.8888888888889
INFO:root:((4, 4), (4, 4), 2400, 22000)69.44444444444444
INFO:root:((4, 4), (4, 4), 2500, 22000)77.77777777777777
INFO:root:((4, 4), (4, 4), 2900, 13000)77.77777777777779
INFO:root:((4, 4), (4, 4), 3400, 17000)78.33333333333333
INFO:root:((4, 4), (5, 5), 2800, 21000)80.55555555555556
INFO:root:((4, 4), (6, 6), 3700, 18000)86.66666666666667
INFO:root:((5, 5), (8, 8), 3800, 16000)88.8888888888889
